android/build/intermediates/manifest_merge_blame_file/release/manifest-merger-blame-release-report.txt
1<?xml version="1.0" encoding="utf-8"?>
2<manifest xmlns:android="http://schemas.android.com/apk/res/android"
3    package="jk.threelink"
4    android:versionCode="1"
5    android:versionName="1.0" >
6
7    <uses-sdk
8        android:minSdkVersion="16"
8-->3-link/android/AndroidManifest.xml
9        android:targetSdkVersion="29" />
9-->3-link/android/AndroidManifest.xml
10
11    <uses-permission android:name="android.permission.WAKE_LOCK" />
11-->3-link/android/AndroidManifest.xml:6:5-68
11-->3-link/android/AndroidManifest.xml:6:22-65
12    <uses-permission android:name="android.permission.WRITE_EXTERNAL_STORAGE" />
12-->3-link/android/AndroidManifest.xml:7:5-80
12-->3-link/android/AndroidManifest.xml:7:22-78
13    <uses-permission android:name="android.permission.READ_EXTERNAL_STORAGE" />
13-->3-link/android/AndroidManifest.xml:8:5-80
13-->3-link/android/AndroidManifest.xml:8:22-77
14    <uses-permission android:name="android.permission.ACCESS_WIFI_STATE" />
14-->3-link/android/AndroidManifest.xml:9:5-76
14-->3-link/android/AndroidManifest.xml:9:22-73
15    <uses-permission android:name="android.permission.ACCESS_NETWORK_STATE" />
15-->3-link/android/AndroidManifest.xml:10:5-79
15-->3-link/android/AndroidManifest.xml:10:22-76
16    <uses-permission android:name="android.permission.INTERNET" />
16-->3-link/android/AndroidManifest.xml:11:5-67
16-->3-link/android/AndroidManifest.xml:11:22-64
17    <uses-permission android:name="android.permission.VIBRATE" />
17-->3-link/android/AndroidManifest.xml:12:5-66
17-->3-link/android/AndroidManifest.xml:12:22-63
18
19    <!-- Required by older versions of Google Play services to create IID tokens -->
20    <uses-permission android:name="com.google.android.c2dm.permission.RECEIVE" />
20-->[com.google.firebase:firebase-iid:21.0.1] AndroidManifest.xml:26:5-82
20-->[com.google.firebase:firebase-iid:21.0.1] AndroidManifest.xml:26:22-79
21    <uses-permission android:name="com.google.android.finsky.permission.BIND_GET_INSTALL_REFERRER_SERVICE" /> <!-- Android package visibility setting -->
21-->[com.google.android.gms:play-services-measurement:18.0.0] AndroidManifest.xml:26:5-110
21-->[com.google.android.gms:play-services-measurement:18.0.0] AndroidManifest.xml:26:22-107
22    <queries>
22-->[com.google.android.gms:play-services-ads-lite:19.6.0] AndroidManifest.xml:27:5-38:15
23
24        <!-- For browser content -->
25        <intent>
25-->[com.google.android.gms:play-services-ads-lite:19.6.0] AndroidManifest.xml:30:9-36:18
26            <action android:name="android.intent.action.VIEW" />
26-->[com.google.android.gms:play-services-ads-lite:19.6.0] AndroidManifest.xml:31:13-65
26-->[com.google.android.gms:play-services-ads-lite:19.6.0] AndroidManifest.xml:31:21-62
27
28            <category android:name="android.intent.category.BROWSABLE" />
28-->[com.google.android.gms:play-services-ads-lite:19.6.0] AndroidManifest.xml:33:13-74
28-->[com.google.android.gms:play-services-ads-lite:19.6.0] AndroidManifest.xml:33:23-71
29
30            <data android:scheme="https" />
30-->[com.google.android.gms:play-services-ads-lite:19.6.0] AndroidManifest.xml:35:13-44
30-->[com.google.android.gms:play-services-ads-lite:19.6.0] AndroidManifest.xml:35:19-41
31        </intent>
32        <!-- End of browser content -->
33    </queries>
34
35    <uses-permission android:name="android.permission.RECEIVE_BOOT_COMPLETED" /> <!-- <uses-permission android:name="android.permission." /> -->
35-->[androidx.work:work-runtime:2.1.0] AndroidManifest.xml:27:5-81
35-->[androidx.work:work-runtime:2.1.0] AndroidManifest.xml:27:22-78
36    <application
36-->3-link/android/AndroidManifest.xml:16:5-54:19
37        android:name="androidx.multidex.MultiDexApplication"
38        android:allowBackup="true"
38-->3-link/android/AndroidManifest.xml:19:9-35
39        android:appCategory="game"
39-->3-link/android/AndroidManifest.xml:22:9-35
40        android:appComponentFactory="androidx.core.app.CoreComponentFactory"
40-->[androidx.core:core:1.2.0] AndroidManifest.xml:24:18-86
41        android:icon="@mipmap/ic_launcher"
41-->3-link/android/AndroidManifest.xml:20:9-43
42        android:isGame="true"
42-->3-link/android/AndroidManifest.xml:21:9-30
43        android:label="@string/app_name"
43-->3-link/android/AndroidManifest.xml:23:9-41
44        android:requestLegacyExternalStorage="true"
44-->3-link/android/AndroidManifest.xml:18:9-52
45        android:supportsRtl="true"
45-->[com.facebook.android:facebook-android-sdk:5.15.3] AndroidManifest.xml:28:18-44
46        android:theme="@style/GdxTheme"
46-->3-link/android/AndroidManifest.xml:24:9-40
47        android:usesCleartextTraffic="true" >
47-->3-link/android/AndroidManifest.xml:17:9-44
48        <activity
48-->3-link/android/AndroidManifest.xml:25:9-34:20
49            android:name="com.mygdx.game.AndroidLauncher"
49-->3-link/android/AndroidManifest.xml:26:13-58
50            android:configChanges="keyboard|keyboardHidden|navigation|orientation|screenSize|screenLayout"
50-->3-link/android/AndroidManifest.xml:29:13-107
51            android:label="@string/app_name"
51-->3-link/android/AndroidManifest.xml:27:13-45
52            android:screenOrientation="portrait" >
52-->3-link/android/AndroidManifest.xml:28:13-49
53            <intent-filter>
53-->3-link/android/AndroidManifest.xml:30:13-33:29
54                <action android:name="android.intent.action.MAIN" />
54-->3-link/android/AndroidManifest.xml:31:17-69
54-->3-link/android/AndroidManifest.xml:31:25-66
55
56                <category android:name="android.intent.category.LAUNCHER" />
56-->3-link/android/AndroidManifest.xml:32:17-77
56-->3-link/android/AndroidManifest.xml:32:27-74
57            </intent-filter>
58        </activity>
59
60        <receiver android:name="com.mygdx.game.AlarmReceiver" >
60-->3-link/android/AndroidManifest.xml:35:9-39:20
60-->3-link/android/AndroidManifest.xml:35:19-62
61            <intent-filter>
61-->3-link/android/AndroidManifest.xml:36:13-38:29
62                <action android:name="com.popcat.intent.action.ALARM" />
62-->3-link/android/AndroidManifest.xml:37:17-73
62-->3-link/android/AndroidManifest.xml:37:25-70
63            </intent-filter>
64        </receiver>
65        <!-- ads test -->
66        <!-- <meta-data -->
67        <!-- android:name="com.google.android.gms.ads.APPLICATION_ID" -->
68        <!-- android:value="ca-app-pub-9108876944724815~8160462448"/> -->
69        <meta-data
69-->3-link/android/AndroidManifest.xml:44:9-46:69
70            android:name="com.google.android.gms.ads.APPLICATION_ID"
70-->3-link/android/AndroidManifest.xml:45:13-69
71            android:value="ca-app-pub-1015023790649631~1367936657" />
71-->3-link/android/AndroidManifest.xml:46:13-67
72        <meta-data
72-->3-link/android/AndroidManifest.xml:47:9-107
73            android:name="com.facebook.sdk.ApplicationId"
73-->3-link/android/AndroidManifest.xml:47:20-65
74            android:value="@string/facebook_app_id" />
74-->3-link/android/AndroidManifest.xml:47:66-105
75        <meta-data
75-->3-link/android/AndroidManifest.xml:48:9-50:65
76            android:name="firebase_analytics_collection_enabled"
76-->3-link/android/AndroidManifest.xml:49:13-65
77            android:value="true" />
77-->3-link/android/AndroidManifest.xml:50:13-33
78        <meta-data
78-->3-link/android/AndroidManifest.xml:51:9-53:65
79            android:name="firebase_messaging_auto_init_enabled"
79-->3-link/android/AndroidManifest.xml:52:13-64
80            android:value="true" />
80-->3-link/android/AndroidManifest.xml:53:13-33
81
82        <service
82-->[com.google.firebase:firebase-config:20.0.2] AndroidManifest.xml:29:9-35:19
83            android:name="com.google.firebase.components.ComponentDiscoveryService"
83-->[com.google.firebase:firebase-config:20.0.2] AndroidManifest.xml:30:13-84
84            android:directBootAware="true"
84-->[com.google.firebase:firebase-common:19.5.0] AndroidManifest.xml:35:13-43
85            android:exported="false" >
85-->[com.google.firebase:firebase-config:20.0.2] AndroidManifest.xml:31:13-37
86            <meta-data
86-->[com.google.firebase:firebase-config:20.0.2] AndroidManifest.xml:32:13-34:85
87                android:name="com.google.firebase.components:com.google.firebase.remoteconfig.RemoteConfigRegistrar"
87-->[com.google.firebase:firebase-config:20.0.2] AndroidManifest.xml:33:17-117
88                android:value="com.google.firebase.components.ComponentRegistrar" />
88-->[com.google.firebase:firebase-config:20.0.2] AndroidManifest.xml:34:17-82
89            <meta-data
89-->[com.google.firebase:firebase-crashlytics:17.3.0] AndroidManifest.xml:18:13-20:85
90                android:name="com.google.firebase.components:com.google.firebase.crashlytics.CrashlyticsRegistrar"
90-->[com.google.firebase:firebase-crashlytics:17.3.0] AndroidManifest.xml:19:17-115
91                android:value="com.google.firebase.components.ComponentRegistrar" />
91-->[com.google.firebase:firebase-crashlytics:17.3.0] AndroidManifest.xml:20:17-82
92            <meta-data
92-->[com.google.firebase:firebase-messaging:21.0.1] AndroidManifest.xml:39:13-41:85
93                android:name="com.google.firebase.components:com.google.firebase.messaging.FirebaseMessagingRegistrar"
93-->[com.google.firebase:firebase-messaging:21.0.1] AndroidManifest.xml:40:17-119
94                android:value="com.google.firebase.components.ComponentRegistrar" />
94-->[com.google.firebase:firebase-messaging:21.0.1] AndroidManifest.xml:41:17-82
95            <meta-data
95-->[com.google.firebase:firebase-datatransport:17.0.10] AndroidManifest.xml:28:13-30:85
96                android:name="com.google.firebase.components:com.google.firebase.datatransport.TransportRegistrar"
96-->[com.google.firebase:firebase-datatransport:17.0.10] AndroidManifest.xml:29:17-115
97                android:value="com.google.firebase.components.ComponentRegistrar" />
97-->[com.google.firebase:firebase-datatransport:17.0.10] AndroidManifest.xml:30:17-82
98            <meta-data
98-->[com.google.firebase:firebase-iid:21.0.1] AndroidManifest.xml:32:13-34:85
99                android:name="com.google.firebase.components:com.google.firebase.iid.Registrar"
99-->[com.google.firebase:firebase-iid:21.0.1] AndroidManifest.xml:33:17-96
100                android:value="com.google.firebase.components.ComponentRegistrar" />
100-->[com.google.firebase:firebase-iid:21.0.1] AndroidManifest.xml:34:17-82
101            <meta-data
101-->[com.google.android.gms:play-services-measurement-api:18.0.0] AndroidManifest.xml:30:13-32:85
102                android:name="com.google.firebase.components:com.google.firebase.analytics.connector.internal.AnalyticsConnectorRegistrar"
102-->[com.google.android.gms:play-services-measurement-api:18.0.0] AndroidManifest.xml:31:17-139
103                android:value="com.google.firebase.components.ComponentRegistrar" />
103-->[com.google.android.gms:play-services-measurement-api:18.0.0] AndroidManifest.xml:32:17-82
104            <meta-data
104-->[com.google.firebase:firebase-abt:20.0.0] AndroidManifest.xml:13:13-15:85
105                android:name="com.google.firebase.components:com.google.firebase.abt.component.AbtRegistrar"
105-->[com.google.firebase:firebase-abt:20.0.0] AndroidManifest.xml:14:17-109
106                android:value="com.google.firebase.components.ComponentRegistrar" />
106-->[com.google.firebase:firebase-abt:20.0.0] AndroidManifest.xml:15:17-82
107            <meta-data
107-->[com.google.firebase:firebase-installations:16.3.5] AndroidManifest.xml:18:13-20:85
108                android:name="com.google.firebase.components:com.google.firebase.installations.FirebaseInstallationsRegistrar"
108-->[com.google.firebase:firebase-installations:16.3.5] AndroidManifest.xml:19:17-127
109                android:value="com.google.firebase.components.ComponentRegistrar" />
109-->[com.google.firebase:firebase-installations:16.3.5] AndroidManifest.xml:20:17-82
110            <!--
111                This registrar is not defined in the dynamic-module-support sdk itself to allow non-firebase
112                clients to use it as well, by defining this registrar in their own core/common library.
113            -->
114            <meta-data
114-->[com.google.firebase:firebase-common:19.5.0] AndroidManifest.xml:43:13-45:85
115                android:name="com.google.firebase.components:com.google.firebase.dynamicloading.DynamicLoadingRegistrar"
115-->[com.google.firebase:firebase-common:19.5.0] AndroidManifest.xml:44:17-121
116                android:value="com.google.firebase.components.ComponentRegistrar" />
116-->[com.google.firebase:firebase-common:19.5.0] AndroidManifest.xml:45:17-82
117        </service>
118
119        <receiver
119-->[com.google.android.gms:play-services-analytics:17.0.0] AndroidManifest.xml:30:9-34:20
120            android:name="com.google.android.gms.analytics.AnalyticsReceiver"
120-->[com.google.android.gms:play-services-analytics:17.0.0] AndroidManifest.xml:31:13-78
121            android:enabled="true"
121-->[com.google.android.gms:play-services-analytics:17.0.0] AndroidManifest.xml:32:13-35
122            android:exported="false" >
122-->[com.google.android.gms:play-services-analytics:17.0.0] AndroidManifest.xml:33:13-37
123        </receiver>
124
125        <service
125-->[com.google.android.gms:play-services-analytics:17.0.0] AndroidManifest.xml:36:9-39:40
126            android:name="com.google.android.gms.analytics.AnalyticsService"
126-->[com.google.android.gms:play-services-analytics:17.0.0] AndroidManifest.xml:37:13-77
127            android:enabled="true"
127-->[com.google.android.gms:play-services-analytics:17.0.0] AndroidManifest.xml:38:13-35
128            android:exported="false" />
128-->[com.google.android.gms:play-services-analytics:17.0.0] AndroidManifest.xml:39:13-37
129        <service
129-->[com.google.android.gms:play-services-analytics:17.0.0] AndroidManifest.xml:40:9-44:72
130            android:name="com.google.android.gms.analytics.AnalyticsJobService"
130-->[com.google.android.gms:play-services-analytics:17.0.0] AndroidManifest.xml:41:13-80
131            android:enabled="true"
131-->[com.google.android.gms:play-services-analytics:17.0.0] AndroidManifest.xml:42:13-35
132            android:exported="false"
132-->[com.google.android.gms:play-services-analytics:17.0.0] AndroidManifest.xml:43:13-37
133            android:permission="android.permission.BIND_JOB_SERVICE" />
133-->[com.google.android.gms:play-services-analytics:17.0.0] AndroidManifest.xml:44:13-69
134
135        <activity
135-->[com.google.android.gms:play-services-auth:17.0.0] AndroidManifest.xml:23:9-27:75
136            android:name="com.google.android.gms.auth.api.signin.internal.SignInHubActivity"
136-->[com.google.android.gms:play-services-auth:17.0.0] AndroidManifest.xml:24:13-93
137            android:excludeFromRecents="true"
137-->[com.google.android.gms:play-services-auth:17.0.0] AndroidManifest.xml:25:13-46
138            android:exported="false"
138-->[com.google.android.gms:play-services-auth:17.0.0] AndroidManifest.xml:26:13-37
139            android:theme="@android:style/Theme.Translucent.NoTitleBar" />
139-->[com.google.android.gms:play-services-auth:17.0.0] AndroidManifest.xml:27:13-72
140        <!--
141            Service handling Google Sign-In user revocation. For apps that do not integrate with
142            Google Sign-In, this service will never be started.
143        -->
144        <service
144-->[com.google.android.gms:play-services-auth:17.0.0] AndroidManifest.xml:33:9-36:110
145            android:name="com.google.android.gms.auth.api.signin.RevocationBoundService"
145-->[com.google.android.gms:play-services-auth:17.0.0] AndroidManifest.xml:34:13-89
146            android:exported="true"
146-->[com.google.android.gms:play-services-auth:17.0.0] AndroidManifest.xml:35:13-36
147            android:permission="com.google.android.gms.auth.api.signin.permission.REVOCATION_NOTIFICATION" />
147-->[com.google.android.gms:play-services-auth:17.0.0] AndroidManifest.xml:36:13-107
148        <!--
149             FirebaseMessagingService performs security checks at runtime,
150             but set to not exported to explicitly avoid allowing another app to call it.
151        -->
152        <service
152-->[com.google.firebase:firebase-messaging:21.0.1] AndroidManifest.xml:28:9-35:19
153            android:name="com.google.firebase.messaging.FirebaseMessagingService"
153-->[com.google.firebase:firebase-messaging:21.0.1] AndroidManifest.xml:29:13-82
154            android:directBootAware="true"
154-->[com.google.firebase:firebase-messaging:21.0.1] AndroidManifest.xml:30:13-43
155            android:exported="false" >
155-->[com.google.firebase:firebase-messaging:21.0.1] AndroidManifest.xml:31:13-37
156            <intent-filter android:priority="-500" >
156-->[com.google.firebase:firebase-messaging:21.0.1] AndroidManifest.xml:32:13-34:29
156-->[com.google.firebase:firebase-messaging:21.0.1] AndroidManifest.xml:32:28-51
157                <action android:name="com.google.firebase.MESSAGING_EVENT" />
157-->[com.google.firebase:firebase-messaging:21.0.1] AndroidManifest.xml:33:17-78
157-->[com.google.firebase:firebase-messaging:21.0.1] AndroidManifest.xml:33:25-75
158            </intent-filter>
159        </service>
160        <service
160-->[com.google.android.datatransport:transport-backend-cct:2.3.3] AndroidManifest.xml:29:9-35:19
161            android:name="com.google.android.datatransport.runtime.backends.TransportBackendDiscovery"
161-->[com.google.android.datatransport:transport-backend-cct:2.3.3] AndroidManifest.xml:30:13-103
162            android:exported="false" >
162-->[com.google.android.datatransport:transport-backend-cct:2.3.3] AndroidManifest.xml:31:13-37
163            <meta-data
163-->[com.google.android.datatransport:transport-backend-cct:2.3.3] AndroidManifest.xml:32:13-34:39
164                android:name="backend:com.google.android.datatransport.cct.CctBackendFactory"
164-->[com.google.android.datatransport:transport-backend-cct:2.3.3] AndroidManifest.xml:33:17-94
165                android:value="cct" />
165-->[com.google.android.datatransport:transport-backend-cct:2.3.3] AndroidManifest.xml:34:17-36
166        </service>
167
168        <receiver
168-->[com.google.firebase:firebase-iid:21.0.1] AndroidManifest.xml:37:9-44:20
169            android:name="com.google.firebase.iid.FirebaseInstanceIdReceiver"
169-->[com.google.firebase:firebase-iid:21.0.1] AndroidManifest.xml:38:13-78
170            android:exported="true"
170-->[com.google.firebase:firebase-iid:21.0.1] AndroidManifest.xml:39:13-36
171            android:permission="com.google.android.c2dm.permission.SEND" >
171-->[com.google.firebase:firebase-iid:21.0.1] AndroidManifest.xml:40:13-73
172            <intent-filter>
172-->[com.google.firebase:firebase-iid:21.0.1] AndroidManifest.xml:41:13-43:29
173                <action android:name="com.google.android.c2dm.intent.RECEIVE" />
173-->[com.google.firebase:firebase-iid:21.0.1] AndroidManifest.xml:42:17-81
173-->[com.google.firebase:firebase-iid:21.0.1] AndroidManifest.xml:42:25-78
174            </intent-filter>
175        </receiver>
176
177        <provider
177-->[com.google.firebase:firebase-common:19.5.0] AndroidManifest.xml:26:9-31:39
178            android:name="com.google.firebase.provider.FirebaseInitProvider"
178-->[com.google.firebase:firebase-common:19.5.0] AndroidManifest.xml:27:13-77
179            android:authorities="jk.threelink.firebaseinitprovider"
179-->[com.google.firebase:firebase-common:19.5.0] AndroidManifest.xml:28:13-72
180            android:directBootAware="true"
180-->[com.google.firebase:firebase-common:19.5.0] AndroidManifest.xml:29:13-43
181            android:exported="false"
181-->[com.google.firebase:firebase-common:19.5.0] AndroidManifest.xml:30:13-37
182            android:initOrder="100" />
182-->[com.google.firebase:firebase-common:19.5.0] AndroidManifest.xml:31:13-36
183
184        <activity
184-->[com.google.android.gms:play-services-base:17.0.0] AndroidManifest.xml:23:9-26:75
185            android:name="com.google.android.gms.common.api.GoogleApiActivity"
185-->[com.google.android.gms:play-services-base:17.0.0] AndroidManifest.xml:24:13-79
186            android:exported="false"
186-->[com.google.android.gms:play-services-base:17.0.0] AndroidManifest.xml:25:13-37
187            android:theme="@android:style/Theme.Translucent.NoTitleBar" />
187-->[com.google.android.gms:play-services-base:17.0.0] AndroidManifest.xml:26:13-72
188
189        <receiver
189-->[com.google.android.gms:play-services-measurement:18.0.0] AndroidManifest.xml:29:9-33:20
190            android:name="com.google.android.gms.measurement.AppMeasurementReceiver"
190-->[com.google.android.gms:play-services-measurement:18.0.0] AndroidManifest.xml:30:13-85
191            android:enabled="true"
191-->[com.google.android.gms:play-services-measurement:18.0.0] AndroidManifest.xml:31:13-35
192            android:exported="false" >
192-->[com.google.android.gms:play-services-measurement:18.0.0] AndroidManifest.xml:32:13-37
193        </receiver>
194
195        <service
195-->[com.google.android.gms:play-services-measurement:18.0.0] AndroidManifest.xml:35:9-38:40
196            android:name="com.google.android.gms.measurement.AppMeasurementService"
196-->[com.google.android.gms:play-services-measurement:18.0.0] AndroidManifest.xml:36:13-84
197            android:enabled="true"
197-->[com.google.android.gms:play-services-measurement:18.0.0] AndroidManifest.xml:37:13-35
198            android:exported="false" />
198-->[com.google.android.gms:play-services-measurement:18.0.0] AndroidManifest.xml:38:13-37
199        <service
199-->[com.google.android.gms:play-services-measurement:18.0.0] AndroidManifest.xml:39:9-43:72
200            android:name="com.google.android.gms.measurement.AppMeasurementJobService"
200-->[com.google.android.gms:play-services-measurement:18.0.0] AndroidManifest.xml:40:13-87
201            android:enabled="true"
201-->[com.google.android.gms:play-services-measurement:18.0.0] AndroidManifest.xml:41:13-35
202            android:exported="false"
202-->[com.google.android.gms:play-services-measurement:18.0.0] AndroidManifest.xml:42:13-37
203            android:permission="android.permission.BIND_JOB_SERVICE" />
203-->[com.google.android.gms:play-services-measurement:18.0.0] AndroidManifest.xml:43:13-69
204
205        <activity
205-->[com.facebook.android:audience-network-sdk:6.2.0] AndroidManifest.xml:15:9-19:75
206            android:name="com.facebook.ads.AudienceNetworkActivity"
206-->[com.facebook.android:audience-network-sdk:6.2.0] AndroidManifest.xml:16:13-68
207            android:configChanges="keyboardHidden|orientation|screenSize"
207-->[com.facebook.android:audience-network-sdk:6.2.0] AndroidManifest.xml:17:13-74
208            android:exported="false"
208-->[com.facebook.android:audience-network-sdk:6.2.0] AndroidManifest.xml:18:13-37
209            android:theme="@android:style/Theme.Translucent.NoTitleBar" />
209-->[com.facebook.android:audience-network-sdk:6.2.0] AndroidManifest.xml:19:13-72
210
211        <provider
211-->[com.facebook.android:audience-network-sdk:6.2.0] AndroidManifest.xml:21:9-24:40
212            android:name="com.facebook.ads.AudienceNetworkContentProvider"
212-->[com.facebook.android:audience-network-sdk:6.2.0] AndroidManifest.xml:22:13-75
213            android:authorities="jk.threelink.AudienceNetworkContentProvider"
213-->[com.facebook.android:audience-network-sdk:6.2.0] AndroidManifest.xml:23:13-82
214            android:exported="false" /> <!-- Include the AdActivity and InAppPurchaseActivity configChanges and themes. -->
214-->[com.facebook.android:audience-network-sdk:6.2.0] AndroidManifest.xml:24:13-37
215        <activity
215-->[com.google.android.gms:play-services-ads-lite:19.6.0] AndroidManifest.xml:43:9-47:64
216            android:name="com.google.android.gms.ads.AdActivity"
216-->[com.google.android.gms:play-services-ads-lite:19.6.0] AndroidManifest.xml:44:13-65
217            android:configChanges="keyboard|keyboardHidden|orientation|screenLayout|uiMode|screenSize|smallestScreenSize"
217-->[com.google.android.gms:play-services-ads-lite:19.6.0] AndroidManifest.xml:45:13-122
218            android:exported="false"
218-->[com.google.android.gms:play-services-ads-lite:19.6.0] AndroidManifest.xml:46:13-37
219            android:theme="@android:style/Theme.Translucent" />
219-->[com.google.android.gms:play-services-ads-lite:19.6.0] AndroidManifest.xml:47:13-61
220
221        <provider
221-->[com.google.android.gms:play-services-ads-lite:19.6.0] AndroidManifest.xml:49:9-53:39
222            android:name="com.google.android.gms.ads.MobileAdsInitProvider"
222-->[com.google.android.gms:play-services-ads-lite:19.6.0] AndroidManifest.xml:50:13-76
223            android:authorities="jk.threelink.mobileadsinitprovider"
223-->[com.google.android.gms:play-services-ads-lite:19.6.0] AndroidManifest.xml:51:13-73
224            android:exported="false"
224-->[com.google.android.gms:play-services-ads-lite:19.6.0] AndroidManifest.xml:52:13-37
225            android:initOrder="100" />
225-->[com.google.android.gms:play-services-ads-lite:19.6.0] AndroidManifest.xml:53:13-36
226
227        <service
227-->[com.google.android.gms:play-services-ads-lite:19.6.0] AndroidManifest.xml:55:9-58:40
228            android:name="com.google.android.gms.ads.AdService"
228-->[com.google.android.gms:play-services-ads-lite:19.6.0] AndroidManifest.xml:56:13-64
229            android:enabled="true"
229-->[com.google.android.gms:play-services-ads-lite:19.6.0] AndroidManifest.xml:57:13-35
230            android:exported="false" />
230-->[com.google.android.gms:play-services-ads-lite:19.6.0] AndroidManifest.xml:58:13-37
231
232        <meta-data
232-->[com.google.android.gms:play-services-basement:17.3.0] AndroidManifest.xml:23:9-25:69
233            android:name="com.google.android.gms.version"
233-->[com.google.android.gms:play-services-basement:17.3.0] AndroidManifest.xml:24:13-58
234            android:value="@integer/google_play_services_version" />
234-->[com.google.android.gms:play-services-basement:17.3.0] AndroidManifest.xml:25:13-66
235
236        <activity
236-->[com.facebook.android:facebook-common:5.15.3] AndroidManifest.xml:30:9-33:66
237            android:name="com.facebook.FacebookActivity"
237-->[com.facebook.android:facebook-common:5.15.3] AndroidManifest.xml:31:13-57
238            android:configChanges="keyboard|keyboardHidden|screenLayout|screenSize|orientation"
238-->[com.facebook.android:facebook-common:5.15.3] AndroidManifest.xml:32:13-96
239            android:theme="@style/com_facebook_activity_theme" />
239-->[com.facebook.android:facebook-common:5.15.3] AndroidManifest.xml:33:13-63
240        <activity android:name="com.facebook.CustomTabMainActivity" />
240-->[com.facebook.android:facebook-common:5.15.3] AndroidManifest.xml:34:9-71
240-->[com.facebook.android:facebook-common:5.15.3] AndroidManifest.xml:34:19-68
241        <activity
241-->[com.facebook.android:facebook-common:5.15.3] AndroidManifest.xml:35:9-49:20
242            android:name="com.facebook.CustomTabActivity"
242-->[com.facebook.android:facebook-common:5.15.3] AndroidManifest.xml:36:13-58
243            android:exported="true" >
243-->[com.facebook.android:facebook-common:5.15.3] AndroidManifest.xml:37:13-36
244            <intent-filter>
244-->[com.facebook.android:facebook-common:5.15.3] AndroidManifest.xml:39:13-48:29
245                <action android:name="android.intent.action.VIEW" />
245-->[com.google.android.gms:play-services-ads-lite:19.6.0] AndroidManifest.xml:31:13-65
245-->[com.google.android.gms:play-services-ads-lite:19.6.0] AndroidManifest.xml:31:21-62
246
247                <category android:name="android.intent.category.DEFAULT" />
247-->[com.facebook.android:facebook-common:5.15.3] AndroidManifest.xml:42:17-76
247-->[com.facebook.android:facebook-common:5.15.3] AndroidManifest.xml:42:27-73
248                <category android:name="android.intent.category.BROWSABLE" />
248-->[com.google.android.gms:play-services-ads-lite:19.6.0] AndroidManifest.xml:33:13-74
248-->[com.google.android.gms:play-services-ads-lite:19.6.0] AndroidManifest.xml:33:23-71
249
250                <data
250-->[com.google.android.gms:play-services-ads-lite:19.6.0] AndroidManifest.xml:35:13-44
251                    android:host="cct.jk.threelink"
252                    android:scheme="fbconnect" />
252-->[com.google.android.gms:play-services-ads-lite:19.6.0] AndroidManifest.xml:35:19-41
253            </intent-filter>
254        </activity>
255        <!--
256         The initialization ContentProvider will call FacebookSdk.sdkInitialize automatically
257         with the application context. This config is merged in with the host app's manifest,
258         but there can only be one provider with the same authority activated at any given
259         point; so if the end user has two or more different apps that use Facebook SDK, only the
260         first one will be able to use the provider. To work around this problem, we use the
261         following placeholder in the authority to identify each host application as if it was
262         a completely different provider.
263        -->
264        <provider
264-->[com.facebook.android:facebook-core:5.15.3] AndroidManifest.xml:39:9-42:40
265            android:name="com.facebook.internal.FacebookInitProvider"
265-->[com.facebook.android:facebook-core:5.15.3] AndroidManifest.xml:40:13-70
266            android:authorities="jk.threelink.FacebookInitProvider"
266-->[com.facebook.android:facebook-core:5.15.3] AndroidManifest.xml:41:13-72
267            android:exported="false" />
267-->[com.facebook.android:facebook-core:5.15.3] AndroidManifest.xml:42:13-37
268
269        <receiver